<?xml version="1.0" encoding="UTF-8"?>
<testsuite name="Cucumber" time="744.783" tests="9" skipped="0" failures="3" errors="0">
<testcase classname="BuyLink" name="Validate that the user able to Calculate the Emi" time="101.436">
<system-out><![CDATA[
When Browser should be open and url should be navigated.....................passed
And user should be hover on location and click on BangloreLink..............passed
And user should be able to mouse hover on the Buy Link......................passed
And The Ready to Move link should be displayed..............................passed
And user should be able to click on Premium Homes Link and navigate to the premium homes Page.passed
And user should be able to mouse hover on HomeLoans Link....................passed
And user should be able to click on the SBIHomeLoanEMICalculator Link and navigate to the SBIHomeLoanEMICalculator Page.passed
And user should be able to change the LoanTenure Years......................passed
Then user should be click on RecalculateYourEMI button and calculate EMI amount.passed
]]></system-out>
</testcase>
<testcase classname="BuyLink" name="Validate that the user should be able to see the Manage Calls/Alerts answers" time="86.709">
<system-out><![CDATA[
When Browser should be open and url should be navigated.....................passed
And user should be hover on location and click on BangloreLink..............passed
And user should be able to mouse hover on the Buy Link......................passed
And The Ready to Move link should be displayed..............................passed
And user should be click on Flat in Banglore and navigated to the FlatInBanglorePage.passed
And user should be click on MenuBarIcon.....................................passed
And user should be able to click on help link...............................passed
And user should be clicks on the Help Center link and navigates to the Help Center page.passed
And user should be clicks on the Explore More link..........................passed
And user should be clicks on the Manage CallsandAlerts link.................passed
Then user should be able to click on the question and view the answers......passed
]]></system-out>
</testcase>
<testcase classname="BuyLink" name="Validate that user is able to click on flatName and navigate to the details of the flat page" time="73.231">
<failure type="org.openqa.selenium.StaleElementReferenceException" message="stale element reference: stale element not found in the current frame
  (Session info: chrome=131.0.6778.69)
For documentation on this error, please visit: https://www.selenium.dev/documentation/webdriver/troubleshooting/errors#stale-element-reference-exception
Build info: version: '4.16.1', revision: '9b4c83354e'
System info: os.name: 'Windows 11', os.arch: 'amd64', os.version: '10.0', java.version: '17.0.12'
Driver info: org.openqa.selenium.chrome.ChromeDriver
Command: [3df2427573e7850b8063ee7667248b36, isElementDisplayed {id=f.9A832447A3808A41FDA810B4D4A7977D.d.5F3F8869FF6B07CD14B0A87EE0756011.e.34}]
Capabilities {acceptInsecureCerts: false, browserName: chrome, browserVersion: 131.0.6778.69, chrome: {chromedriverVersion: 131.0.6778.69 (77e2244bbcda..., userDataDir: C:\Users\Gowthami\AppData\L...}, fedcm:accounts: true, goog:chromeOptions: {debuggerAddress: localhost:64186}, networkConnectionEnabled: false, pageLoadStrategy: normal, platformName: windows, proxy: Proxy(), se:cdp: ws://localhost:64186/devtoo..., se:cdpVersion: 131.0.6778.69, setWindowRect: true, strictFileInteractability: false, timeouts: {implicit: 0, pageLoad: 300000, script: 30000}, unhandledPromptBehavior: dismiss and notify, webauthn:extension:credBlob: true, webauthn:extension:largeBlob: true, webauthn:extension:minPinLength: true, webauthn:extension:prf: true, webauthn:virtualAuthenticators: true}
Element: [[ChromeDriver: chrome on windows (3df2427573e7850b8063ee7667248b36)] -&gt; xpath: //div[@class='title-ellipsis' and text()='BHK']]
Session ID: 3df2427573e7850b8063ee7667248b36">
<![CDATA[org.openqa.selenium.StaleElementReferenceException: stale element reference: stale element not found in the current frame
  (Session info: chrome=131.0.6778.69)
For documentation on this error, please visit: https://www.selenium.dev/documentation/webdriver/troubleshooting/errors#stale-element-reference-exception
Build info: version: '4.16.1', revision: '9b4c83354e'
System info: os.name: 'Windows 11', os.arch: 'amd64', os.version: '10.0', java.version: '17.0.12'
Driver info: org.openqa.selenium.chrome.ChromeDriver
Command: [3df2427573e7850b8063ee7667248b36, isElementDisplayed {id=f.9A832447A3808A41FDA810B4D4A7977D.d.5F3F8869FF6B07CD14B0A87EE0756011.e.34}]
Capabilities {acceptInsecureCerts: false, browserName: chrome, browserVersion: 131.0.6778.69, chrome: {chromedriverVersion: 131.0.6778.69 (77e2244bbcda..., userDataDir: C:\Users\Gowthami\AppData\L...}, fedcm:accounts: true, goog:chromeOptions: {debuggerAddress: localhost:64186}, networkConnectionEnabled: false, pageLoadStrategy: normal, platformName: windows, proxy: Proxy(), se:cdp: ws://localhost:64186/devtoo..., se:cdpVersion: 131.0.6778.69, setWindowRect: true, strictFileInteractability: false, timeouts: {implicit: 0, pageLoad: 300000, script: 30000}, unhandledPromptBehavior: dismiss and notify, webauthn:extension:credBlob: true, webauthn:extension:largeBlob: true, webauthn:extension:minPinLength: true, webauthn:extension:prf: true, webauthn:virtualAuthenticators: true}
Element: [[ChromeDriver: chrome on windows (3df2427573e7850b8063ee7667248b36)] -> xpath: //div[@class='title-ellipsis' and text()='BHK']]
Session ID: 3df2427573e7850b8063ee7667248b36
	at java.base/jdk.internal.reflect.NativeConstructorAccessorImpl.newInstance0(Native Method)
	at java.base/jdk.internal.reflect.NativeConstructorAccessorImpl.newInstance(NativeConstructorAccessorImpl.java:77)
	at java.base/jdk.internal.reflect.DelegatingConstructorAccessorImpl.newInstance(DelegatingConstructorAccessorImpl.java:45)
	at java.base/java.lang.reflect.Constructor.newInstanceWithCaller(Constructor.java:499)
	at java.base/java.lang.reflect.Constructor.newInstance(Constructor.java:480)
	at org.openqa.selenium.remote.codec.w3c.W3CHttpResponseCodec.createException(W3CHttpResponseCodec.java:200)
	at org.openqa.selenium.remote.codec.w3c.W3CHttpResponseCodec.decode(W3CHttpResponseCodec.java:133)
	at org.openqa.selenium.remote.codec.w3c.W3CHttpResponseCodec.decode(W3CHttpResponseCodec.java:52)
	at org.openqa.selenium.remote.HttpCommandExecutor.execute(HttpCommandExecutor.java:191)
	at org.openqa.selenium.remote.service.DriverCommandExecutor.invokeExecute(DriverCommandExecutor.java:200)
	at org.openqa.selenium.remote.service.DriverCommandExecutor.execute(DriverCommandExecutor.java:175)
	at org.openqa.selenium.remote.RemoteWebDriver.execute(RemoteWebDriver.java:523)
	at org.openqa.selenium.remote.RemoteWebElement.execute(RemoteWebElement.java:224)
	at org.openqa.selenium.remote.RemoteWebElement.isDisplayed(RemoteWebElement.java:283)
	at java.base/jdk.internal.reflect.NativeMethodAccessorImpl.invoke0(Native Method)
	at java.base/jdk.internal.reflect.NativeMethodAccessorImpl.invoke(NativeMethodAccessorImpl.java:77)
	at java.base/jdk.internal.reflect.DelegatingMethodAccessorImpl.invoke(DelegatingMethodAccessorImpl.java:43)
	at java.base/java.lang.reflect.Method.invoke(Method.java:568)
	at org.openqa.selenium.support.pagefactory.internal.LocatingElementHandler.invoke(LocatingElementHandler.java:51)
	at jdk.proxy2/jdk.proxy2.$Proxy25.isDisplayed(Unknown Source)
	at org.openqa.selenium.support.ui.ExpectedConditions.elementIfVisible(ExpectedConditions.java:304)
	at org.openqa.selenium.support.ui.ExpectedConditions$10.apply(ExpectedConditions.java:290)
	at org.openqa.selenium.support.ui.ExpectedConditions$10.apply(ExpectedConditions.java:287)
	at org.openqa.selenium.support.ui.FluentWait.until(FluentWait.java:204)
	at com.utilityClasses.WebDriverUtility.waitForElementPresent(WebDriverUtility.java:23)
	at com.stepDefinitions.stepDefinitionForBuy.user_should_be_click_on_the_bhk_link(stepDefinitionForBuy.java:131)
	at âœ½.user should be click on the BHK link(file:///D:/sprintProject/MagicBricks/./src/test/resources/featureData/buyLink.feature:38)
]]>
</failure>
<system-out><![CDATA[
When Browser should be open and url should be navigated.....................passed
And user should be hover on location and click on BangloreLink..............passed
And user should be able to mouse hover on the Buy Link......................passed
And The Ready to Move link should be displayed..............................passed
And user should be able to click on BudgetHomes and navigated to the BudgetHomesPage.passed
And user should be click on the BHK link....................................failed
And user should be click on the 1BHK link...................................skipped
And user should be able to remove the HouseOrVilla type in PropertyType.....skipped
Then user should be able to click on  property Name link and navigate to the property details page.skipped
]]></system-out>
</testcase>
<testcase classname="BuyLink" name="Validate that the user is able to change the maxOption in Budget and navigate to that relavent Page - #1.1" time="78.387">
<system-out><![CDATA[
When Browser should be open and url should be navigated.....................passed
And user should be hover on location and click on BangloreLink..............passed
And user should be able to mouse hover on the Buy Link......................passed
And The Ready to Move link should be displayed..............................passed
And user should be able to click on BudgetHomes and navigated to the BudgetHomesPage.passed
And user should be able to click on BudgetLink..............................passed
And user should be able to select on the 1 in MaxOptions Dropdown...........passed
Then user should be navigate to that relavent Page..........................passed
]]></system-out>
</testcase>
<testcase classname="BuyLink" name="Validate that the user is able to change the maxOption in Budget and navigate to that relavent Page - #1.2" time="74.573">
<system-out><![CDATA[
When Browser should be open and url should be navigated.....................passed
And user should be hover on location and click on BangloreLink..............passed
And user should be able to mouse hover on the Buy Link......................passed
And The Ready to Move link should be displayed..............................passed
And user should be able to click on BudgetHomes and navigated to the BudgetHomesPage.passed
And user should be able to click on BudgetLink..............................passed
And user should be able to select on the 2 in MaxOptions Dropdown...........passed
Then user should be navigate to that relavent Page..........................passed
]]></system-out>
</testcase>
<testcase classname="BuyLink" name="Validate that the user is able to change the maxOption in Budget and navigate to that relavent Page - #1.3" time="77.042">
<system-out><![CDATA[
When Browser should be open and url should be navigated.....................passed
And user should be hover on location and click on BangloreLink..............passed
And user should be able to mouse hover on the Buy Link......................passed
And The Ready to Move link should be displayed..............................passed
And user should be able to click on BudgetHomes and navigated to the BudgetHomesPage.passed
And user should be able to click on BudgetLink..............................passed
And user should be able to select on the 3 in MaxOptions Dropdown...........passed
Then user should be navigate to that relavent Page..........................passed
]]></system-out>
</testcase>
<testcase classname="MagicBrickBuyModule" name="Validate that the user is able to add flat to the shortList" time="96.404">
<failure type="java.lang.AssertionError" message="expected [https://www.magicbricks.com/] but found [https://www.magicbricks.com/property-for-sale-rent/residential-real-estate]">
<![CDATA[java.lang.AssertionError: expected [https://www.magicbricks.com/] but found [https://www.magicbricks.com/property-for-sale-rent/residential-real-estate]
	at org.testng.Assert.fail(Assert.java:111)
	at org.testng.Assert.failNotEquals(Assert.java:1578)
	at org.testng.Assert.assertEqualsImpl(Assert.java:150)
	at org.testng.Assert.assertEquals(Assert.java:132)
	at org.testng.Assert.assertEquals(Assert.java:656)
	at org.testng.Assert.assertEquals(Assert.java:666)
	at com.stepDefinitions.stepDefinitionForBuy.browser_should_be_open_and_url_should_be_navigated(stepDefinitionForBuy.java:53)
	at âœ½.Browser should be open and url should be navigated(file:///D:/sprintProject/MagicBricks/./src/test/resources/featureData/featureFile.feature:15)
]]>
</failure>
<system-out><![CDATA[
Given Browser should be open and url should be navigated....................passed
When user should be able to hover on login link.............................passed
And user should be able to click on login button and navigate to the login page.passed
And user should be able to enter valid credentails and click on next button.passed
And user should be able to click on continue................................passed
Then user should be logged in...............................................passed
When Browser should be open and url should be navigated.....................failed
And user should be hover on location and click on BangloreLink..............skipped
And user should be able to mouse hover on the Buy Link......................skipped
And The Ready to Move link should be displayed..............................skipped
And user should be able to click on BudgetHomes and navigated to the BudgetHomesPage.skipped
And user should be click on the BHK link....................................skipped
And user should be click on the 1BHK link...................................skipped
And user should be able to click on the like button.........................skipped
And user should be able to mouse hover on Shortlist button and click on View your Shortlisted Properties link.skipped
Then user should be able see the property in Shortlist page.................skipped
]]></system-out>
</testcase>
<testcase classname="MagicBrickBuyModule" name="Validate that the user can sign in to the application" time="101.67">
<system-out><![CDATA[
Given Browser should be open and url should be navigated....................passed
When user should be able to hover on login link.............................passed
And Click on main sign up link..............................................passed
And Enter the valid credentials.............................................passed
And Click on sign up button.................................................passed
And Enter the otp that is generated to the mobile number given..............passed
Then Click on continue button and user should be signed in..................passed
]]></system-out>
</testcase>
<testcase classname="MagicBrickBuyModule" name="Validate that user is able to logged in" time="54.968">
<failure type="org.openqa.selenium.ElementNotInteractableException" message="element not interactable
  (Session info: chrome=131.0.6778.69)
Build info: version: '4.16.1', revision: '9b4c83354e'
System info: os.name: 'Windows 11', os.arch: 'amd64', os.version: '10.0', java.version: '17.0.12'
Driver info: org.openqa.selenium.chrome.ChromeDriver
Command: [85e289b84f11caa989a3e91c15541560, clickElement {id=f.633A7AF26764C257B3A3693098095B2F.d.77C9C42FB3BB494FAE66EC9243A05A23.e.61}]
Capabilities {acceptInsecureCerts: false, browserName: chrome, browserVersion: 131.0.6778.69, chrome: {chromedriverVersion: 131.0.6778.69 (77e2244bbcda..., userDataDir: C:\Users\Gowthami\AppData\L...}, fedcm:accounts: true, goog:chromeOptions: {debuggerAddress: localhost:64156}, networkConnectionEnabled: false, pageLoadStrategy: normal, platformName: windows, proxy: Proxy(), se:cdp: ws://localhost:64156/devtoo..., se:cdpVersion: 131.0.6778.69, setWindowRect: true, strictFileInteractability: false, timeouts: {implicit: 0, pageLoad: 300000, script: 30000}, unhandledPromptBehavior: dismiss and notify, webauthn:extension:credBlob: true, webauthn:extension:largeBlob: true, webauthn:extension:minPinLength: true, webauthn:extension:prf: true, webauthn:virtualAuthenticators: true}
Element: [[ChromeDriver: chrome on windows (85e289b84f11caa989a3e91c15541560)] -&gt; xpath: (//a[text()='Login'])[2]]
Session ID: 85e289b84f11caa989a3e91c15541560">
<![CDATA[org.openqa.selenium.ElementNotInteractableException: element not interactable
  (Session info: chrome=131.0.6778.69)
Build info: version: '4.16.1', revision: '9b4c83354e'
System info: os.name: 'Windows 11', os.arch: 'amd64', os.version: '10.0', java.version: '17.0.12'
Driver info: org.openqa.selenium.chrome.ChromeDriver
Command: [85e289b84f11caa989a3e91c15541560, clickElement {id=f.633A7AF26764C257B3A3693098095B2F.d.77C9C42FB3BB494FAE66EC9243A05A23.e.61}]
Capabilities {acceptInsecureCerts: false, browserName: chrome, browserVersion: 131.0.6778.69, chrome: {chromedriverVersion: 131.0.6778.69 (77e2244bbcda..., userDataDir: C:\Users\Gowthami\AppData\L...}, fedcm:accounts: true, goog:chromeOptions: {debuggerAddress: localhost:64156}, networkConnectionEnabled: false, pageLoadStrategy: normal, platformName: windows, proxy: Proxy(), se:cdp: ws://localhost:64156/devtoo..., se:cdpVersion: 131.0.6778.69, setWindowRect: true, strictFileInteractability: false, timeouts: {implicit: 0, pageLoad: 300000, script: 30000}, unhandledPromptBehavior: dismiss and notify, webauthn:extension:credBlob: true, webauthn:extension:largeBlob: true, webauthn:extension:minPinLength: true, webauthn:extension:prf: true, webauthn:virtualAuthenticators: true}
Element: [[ChromeDriver: chrome on windows (85e289b84f11caa989a3e91c15541560)] -> xpath: (//a[text()='Login'])[2]]
Session ID: 85e289b84f11caa989a3e91c15541560
	at java.base/jdk.internal.reflect.NativeConstructorAccessorImpl.newInstance0(Native Method)
	at java.base/jdk.internal.reflect.NativeConstructorAccessorImpl.newInstance(NativeConstructorAccessorImpl.java:77)
	at java.base/jdk.internal.reflect.DelegatingConstructorAccessorImpl.newInstance(DelegatingConstructorAccessorImpl.java:45)
	at java.base/java.lang.reflect.Constructor.newInstanceWithCaller(Constructor.java:499)
	at java.base/java.lang.reflect.Constructor.newInstance(Constructor.java:480)
	at org.openqa.selenium.remote.codec.w3c.W3CHttpResponseCodec.createException(W3CHttpResponseCodec.java:200)
	at org.openqa.selenium.remote.codec.w3c.W3CHttpResponseCodec.decode(W3CHttpResponseCodec.java:133)
	at org.openqa.selenium.remote.codec.w3c.W3CHttpResponseCodec.decode(W3CHttpResponseCodec.java:52)
	at org.openqa.selenium.remote.HttpCommandExecutor.execute(HttpCommandExecutor.java:191)
	at org.openqa.selenium.remote.service.DriverCommandExecutor.invokeExecute(DriverCommandExecutor.java:200)
	at org.openqa.selenium.remote.service.DriverCommandExecutor.execute(DriverCommandExecutor.java:175)
	at org.openqa.selenium.remote.RemoteWebDriver.execute(RemoteWebDriver.java:523)
	at org.openqa.selenium.remote.RemoteWebElement.execute(RemoteWebElement.java:224)
	at org.openqa.selenium.remote.RemoteWebElement.click(RemoteWebElement.java:77)
	at jdk.internal.reflect.GeneratedMethodAccessor4.invoke(Unknown Source)
	at java.base/jdk.internal.reflect.DelegatingMethodAccessorImpl.invoke(DelegatingMethodAccessorImpl.java:43)
	at java.base/java.lang.reflect.Method.invoke(Method.java:568)
	at org.openqa.selenium.support.pagefactory.internal.LocatingElementHandler.invoke(LocatingElementHandler.java:51)
	at jdk.proxy2/jdk.proxy2.$Proxy25.click(Unknown Source)
	at com.elementRepository.HomePage.clickElement(HomePage.java:21)
	at com.elementRepository.HomePage.clickOLoginButton(HomePage.java:45)
	at com.stepDefinitions.stepDefinitionForBuy.user_should_be_able_to_click_on_login_button_and_navigate_to_the_login_page(stepDefinitionForBuy.java:67)
	at âœ½.user should be able to click on login button and navigate to the login page(file:///D:/sprintProject/MagicBricks/./src/test/resources/featureData/featureFile.feature:42)
]]>
</failure>
<system-out><![CDATA[
Given Browser should be open and url should be navigated....................passed
When user should be able to hover on login link.............................passed
And user should be able to click on login button and navigate to the login page.failed
And user should be able to enter valid credentails and click on next button.skipped
And user should be able to click on continue................................skipped
Then user should be logged in...............................................skipped
]]></system-out>
</testcase>
</testsuite>
